Determining size of off64_t failed with the following output:
Change Dir: /Users/yoshi/Code/personal/gzdoom/build-ios.vulkan/CMakeFiles/CMakeTmp

Run Build Command(s):/usr/bin/xcodebuild -project CMAKE_TRY_COMPILE.xcodeproj build -target cmTC_e89d8 -parallelizeTargets -configuration Debug -hideShellScriptEnvironment && 2021-10-11 21:54:48.830 xcodebuild[38391:6408081] [MT] iPhoneConnect: ðŸ“±<DVTiOSDevice (0x7fad47ea4160), iPhone XS Max Special Turbo Edition, iPhone, 13.3.1 (17D50), 00008020-0002489E3678002E>: downgrading native architecture from arm64e to arm64 for com.apple.platform.iphoneos:13.3.1
2021-10-11 21:54:48.830 xcodebuild[38391:6408081] [MT] iPhoneConnect: ðŸ“±<DVTiOSDevice (0x7fad47ea4160), iPhone XS Max Special Turbo Edition, iPhone, 13.3.1 (17D50), 00008020-0002489E3678002E>: downgrading native architecture from arm64e to arm64 for com.apple.platform.iphoneos:13.3.1
Command line invocation:
    /Applications/Xcode.app/Contents/Developer/usr/bin/xcodebuild -project CMAKE_TRY_COMPILE.xcodeproj build -target cmTC_e89d8 -parallelizeTargets -configuration Debug -hideShellScriptEnvironment

User defaults from command line:
    HideShellScriptEnvironment = YES
    IDEPackageSupportUseBuiltinSCM = YES

2021-10-11 21:54:48.957 xcodebuild[38391:6408081] [MT] iPhoneConnect: ðŸ“±<DVTiOSDevice (0x7fad47ea4160), iPhone XS Max Special Turbo Edition, iPhone, 13.3.1 (17D50), 00008020-0002489E3678002E>: downgrading native architecture from arm64e to arm64 for com.apple.platform.iphoneos:13.3.1
2021-10-11 21:54:48.966 xcodebuild[38391:6408081] [MT] iPhoneConnect: ðŸ“±<DVTiOSDevice (0x7fad47ea4160), iPhone XS Max Special Turbo Edition, iPhone, 13.3.1 (17D50), 00008020-0002489E3678002E>: downgrading native architecture from arm64e to arm64 for com.apple.platform.iphoneos:13.3.1
2021-10-11 21:54:48.966 xcodebuild[38391:6408081] [MT] iPhoneConnect: ðŸ“±<DVTiOSDevice (0x7fad47ea4160), iPhone XS Max Special Turbo Edition, iPhone, 13.3.1 (17D50), 00008020-0002489E3678002E>: downgrading native architecture from arm64e to arm64 for com.apple.platform.iphoneos:13.3.1
2021-10-11 21:54:48.970 xcodebuild[38391:6408081] [MT] iPhoneConnect: ðŸ“±<DVTiOSDevice (0x7fad47ea4160), iPhone XS Max Special Turbo Edition, iPhone, 13.3.1 (17D50), 00008020-0002489E3678002E>: downgrading native architecture from arm64e to arm64 for com.apple.platform.iphoneos:13.3.1
2021-10-11 21:54:48.974 xcodebuild[38391:6408081] [MT] iPhoneConnect: ðŸ“±<DVTiOSDevice (0x7fad47ea4160), iPhone XS Max Special Turbo Edition, iPhone, 13.3.1 (17D50), 00008020-0002489E3678002E>: downgrading native architecture from arm64e to arm64 for com.apple.platform.iphoneos:13.3.1
2021-10-11 21:54:48.978 xcodebuild[38391:6408081] [MT] iPhoneConnect: ðŸ“±<DVTiOSDevice (0x7fad47ea4160), iPhone XS Max Special Turbo Edition, iPhone, 13.3.1 (17D50), 00008020-0002489E3678002E>: downgrading native architecture from arm64e to arm64 for com.apple.platform.iphoneos:13.3.1
2021-10-11 21:54:49.392 xcodebuild[38391:6408081] [MT] iPhoneConnect: ðŸ“±<DVTiOSDevice (0x7fad47ea4160), iPhone XS Max Special Turbo Edition, iPhone, 13.3.1 (17D50), 00008020-0002489E3678002E>: downgrading native architecture from arm64e to arm64 for com.apple.platform.iphoneos:13.3.1
2021-10-11 21:54:49.398 xcodebuild[38391:6408081] [MT] iPhoneConnect: ðŸ“±<DVTiOSDevice (0x7fad47ea4160), iPhone XS Max Special Turbo Edition, iPhone, 13.3.1 (17D50), 00008020-0002489E3678002E>: downgrading native architecture from arm64e to arm64 for com.apple.platform.iphoneos:13.3.1
2021-10-11 21:54:49.403 xcodebuild[38391:6408081] [MT] iPhoneConnect: ðŸ“±<DVTiOSDevice (0x7fad47ea4160), iPhone XS Max Special Turbo Edition, iPhone, 13.3.1 (17D50), 00008020-0002489E3678002E>: downgrading native architecture from arm64e to arm64 for com.apple.platform.iphoneos:13.3.1
2021-10-11 21:54:49.409 xcodebuild[38391:6408081] [MT] iPhoneConnect: ðŸ“±<DVTiOSDevice (0x7fad47ea4160), iPhone XS Max Special Turbo Edition, iPhone, 13.3.1 (17D50), 00008020-0002489E3678002E>: downgrading native architecture from arm64e to arm64 for com.apple.platform.iphoneos:13.3.1
2021-10-11 21:54:49.415 xcodebuild[38391:6408081] [MT] iPhoneConnect: ðŸ“±<DVTiOSDevice (0x7fad47ea4160), iPhone XS Max Special Turbo Edition, iPhone, 13.3.1 (17D50), 00008020-0002489E3678002E>: downgrading native architecture from arm64e to arm64 for com.apple.platform.iphoneos:13.3.1
note: Using new build system
note: Planning
Analyze workspace

Create build description
Build description signature: b9b5352f66cd5839ba2c136f1d3f4cdb
Build description path: /Users/yoshi/Code/personal/gzdoom/build-ios.vulkan/CMakeFiles/CMakeTmp/build/XCBuildData/b9b5352f66cd5839ba2c136f1d3f4cdb-desc.xcbuild

note: Build preparation complete
note: Building targets in parallel
CreateBuildDirectory /Users/yoshi/Code/personal/gzdoom/build-ios.vulkan/CMakeFiles/CMakeTmp
    cd /Users/yoshi/Code/personal/gzdoom/build-ios.vulkan/CMakeFiles/CMakeTmp/CMAKE_TRY_COMPILE.xcodeproj
    builtin-create-build-directory /Users/yoshi/Code/personal/gzdoom/build-ios.vulkan/CMakeFiles/CMakeTmp

CreateBuildDirectory /Users/yoshi/Code/personal/gzdoom/build-ios.vulkan/CMakeFiles/CMakeTmp/Debug
    cd /Users/yoshi/Code/personal/gzdoom/build-ios.vulkan/CMakeFiles/CMakeTmp/CMAKE_TRY_COMPILE.xcodeproj
    builtin-create-build-directory /Users/yoshi/Code/personal/gzdoom/build-ios.vulkan/CMakeFiles/CMakeTmp/Debug

CompileC /Users/yoshi/Code/personal/gzdoom/build-ios.vulkan/CMakeFiles/CMakeTmp/CMAKE_TRY_COMPILE.build/Debug-iphoneos/cmTC_e89d8.build/Objects-normal/arm64/OFF64_T.o /Users/yoshi/Code/personal/gzdoom/build-ios.vulkan/CMakeFiles/CheckTypeSize/OFF64_T.c normal arm64 c com.apple.compilers.llvm.clang.1_0.compiler (in target 'cmTC_e89d8' from project 'CMAKE_TRY_COMPILE')
    cd /Users/yoshi/Code/personal/gzdoom/build-ios.vulkan/CMakeFiles/CMakeTmp
    /Applications/Xcode.app/Contents/Developer/Toolchains/XcodeDefault.xctoolchain/usr/bin/clang -x c -target arm64-apple-ios11.0 -fmessage-length\=0 -fdiagnostics-show-note-include-stack -fmacro-backtrace-limit\=0 -Wno-trigraphs -fpascal-strings -O0 -Wno-missing-field-initializers -Wno-missing-prototypes -Wno-return-type -Wno-missing-braces -Wparentheses -Wswitch -Wno-unused-function -Wno-unused-label -Wno-unused-parameter -Wno-unused-variable -Wunused-value -Wno-empty-body -Wno-uninitialized -Wno-unknown-pragmas -Wno-shadow -Wno-four-char-constants -Wno-conversion -Wno-constant-conversion -Wno-int-conversion -Wno-bool-conversion -Wno-enum-conversion -Wno-float-conversion -Wno-non-literal-null-conversion -Wno-objc-literal-conversion -Wshorten-64-to-32 -Wpointer-sign -Wno-newline-eof -DCMAKE_INTDIR\=\"Debug-iphoneos\" -D_LARGEFILE64_SOURCE\=1 -DHAVE_SYS_TYPES_H -DHAVE_STDINT_H -DHAVE_STDDEF_H -isysroot /Applications/Xcode.app/Contents/Developer/Platforms/iPhoneOS.platform/Developer/SDKs/iPhoneOS15.0.sdk -fstrict-aliasing -Wdeprecated-declarations -g -Wno-sign-conversion -Wno-infinite-recursion -Wno-comma -Wno-block-capture-autoreleasing -Wno-strict-prototypes -Wno-semicolon-before-method-body -I/Users/yoshi/Code/personal/gzdoom/build-ios.vulkan/CMakeFiles/CMakeTmp/Debug/include -I/Users/yoshi/Code/personal/gzdoom/build-ios.vulkan/CMakeFiles/CMakeTmp/CMAKE_TRY_COMPILE.build/Debug-iphoneos/cmTC_e89d8.build/DerivedSources-normal/arm64 -I/Users/yoshi/Code/personal/gzdoom/build-ios.vulkan/CMakeFiles/CMakeTmp/CMAKE_TRY_COMPILE.build/Debug-iphoneos/cmTC_e89d8.build/DerivedSources/arm64 -I/Users/yoshi/Code/personal/gzdoom/build-ios.vulkan/CMakeFiles/CMakeTmp/CMAKE_TRY_COMPILE.build/Debug-iphoneos/cmTC_e89d8.build/DerivedSources -F/Users/yoshi/Code/personal/gzdoom/build-ios.vulkan/CMakeFiles/CMakeTmp/Debug -ffp-contract\=off -DHAVE_SOFTPOLY -DHAVE_VULKAN -fvisibility\=hidden -MMD -MT dependencies -MF /Users/yoshi/Code/personal/gzdoom/build-ios.vulkan/CMakeFiles/CMakeTmp/CMAKE_TRY_COMPILE.build/Debug-iphoneos/cmTC_e89d8.build/Objects-normal/arm64/OFF64_T.d --serialize-diagnostics /Users/yoshi/Code/personal/gzdoom/build-ios.vulkan/CMakeFiles/CMakeTmp/CMAKE_TRY_COMPILE.build/Debug-iphoneos/cmTC_e89d8.build/Objects-normal/arm64/OFF64_T.dia -c /Users/yoshi/Code/personal/gzdoom/build-ios.vulkan/CMakeFiles/CheckTypeSize/OFF64_T.c -o /Users/yoshi/Code/personal/gzdoom/build-ios.vulkan/CMakeFiles/CMakeTmp/CMAKE_TRY_COMPILE.build/Debug-iphoneos/cmTC_e89d8.build/Objects-normal/arm64/OFF64_T.o
/Users/yoshi/Code/personal/gzdoom/build-ios.vulkan/CMakeFiles/CheckTypeSize/OFF64_T.c:29:12: error: use of undeclared identifier 'off64_t'
  ('0' + ((SIZE / 10000)%10)),
           ^
/Users/yoshi/Code/personal/gzdoom/build-ios.vulkan/CMakeFiles/CheckTypeSize/OFF64_T.c:27:22: note: expanded from macro 'SIZE'
#define SIZE (sizeof(off64_t))
                     ^
/Users/yoshi/Code/personal/gzdoom/build-ios.vulkan/CMakeFiles/CheckTypeSize/OFF64_T.c:30:12: error: use of undeclared identifier 'off64_t'
  ('0' + ((SIZE / 1000)%10)),
           ^
/Users/yoshi/Code/personal/gzdoom/build-ios.vulkan/CMakeFiles/CheckTypeSize/OFF64_T.c:27:22: note: expanded from macro 'SIZE'
#define SIZE (sizeof(off64_t))
                     ^
/Users/yoshi/Code/personal/gzdoom/build-ios.vulkan/CMakeFiles/CheckTypeSize/OFF64_T.c:31:12: error: use of undeclared identifier 'off64_t'
  ('0' + ((SIZE / 100)%10)),
           ^
/Users/yoshi/Code/personal/gzdoom/build-ios.vulkan/CMakeFiles/CheckTypeSize/OFF64_T.c:27:22: note: expanded from macro 'SIZE'
#define SIZE (sizeof(off64_t))
                     ^
/Users/yoshi/Code/personal/gzdoom/build-ios.vulkan/CMakeFiles/CheckTypeSize/OFF64_T.c:32:12: error: use of undeclared identifier 'off64_t'
  ('0' + ((SIZE / 10)%10)),
           ^
/Users/yoshi/Code/personal/gzdoom/build-ios.vulkan/CMakeFiles/CheckTypeSize/OFF64_T.c:27:22: note: expanded from macro 'SIZE'
#define SIZE (sizeof(off64_t))
                     ^
/Users/yoshi/Code/personal/gzdoom/build-ios.vulkan/CMakeFiles/CheckTypeSize/OFF64_T.c:33:12: error: use of undeclared identifier 'off64_t'
  ('0' +  (SIZE    % 10)),
           ^
/Users/yoshi/Code/personal/gzdoom/build-ios.vulkan/CMakeFiles/CheckTypeSize/OFF64_T.c:27:22: note: expanded from macro 'SIZE'
#define SIZE (sizeof(off64_t))
                     ^
5 errors generated.

WriteAuxiliaryFile /Users/yoshi/Code/personal/gzdoom/build-ios.vulkan/CMakeFiles/CMakeTmp/CMAKE_TRY_COMPILE.build/Debug-iphoneos/cmTC_e89d8.build/Objects-normal/arm64/cmTC_e89d8.LinkFileList (in target 'cmTC_e89d8' from project 'CMAKE_TRY_COMPILE')
    cd /Users/yoshi/Code/personal/gzdoom/build-ios.vulkan/CMakeFiles/CMakeTmp
    write-file /Users/yoshi/Code/personal/gzdoom/build-ios.vulkan/CMakeFiles/CMakeTmp/CMAKE_TRY_COMPILE.build/Debug-iphoneos/cmTC_e89d8.build/Objects-normal/arm64/cmTC_e89d8.LinkFileList

** BUILD FAILED **


The following build commands failed:
	CompileC /Users/yoshi/Code/personal/gzdoom/build-ios.vulkan/CMakeFiles/CMakeTmp/CMAKE_TRY_COMPILE.build/Debug-iphoneos/cmTC_e89d8.build/Objects-normal/arm64/OFF64_T.o /Users/yoshi/Code/personal/gzdoom/build-ios.vulkan/CMakeFiles/CheckTypeSize/OFF64_T.c normal arm64 c com.apple.compilers.llvm.clang.1_0.compiler (in target 'cmTC_e89d8' from project 'CMAKE_TRY_COMPILE')
(1 failure)


/Users/yoshi/Code/personal/gzdoom/build-ios.vulkan/CMakeFiles/CheckTypeSize/OFF64_T.c:
#include <sys/types.h>
#include <stdint.h>
#include <stddef.h>


#undef KEY
#if defined(__i386)
# define KEY '_','_','i','3','8','6'
#elif defined(__x86_64)
# define KEY '_','_','x','8','6','_','6','4'
#elif defined(__PPC64__)
# define KEY '_','_','P','P','C','6','4','_','_'
#elif defined(__ppc64__)
# define KEY '_','_','p','p','c','6','4','_','_'
#elif defined(__PPC__)
# define KEY '_','_','P','P','C','_','_'
#elif defined(__ppc__)
# define KEY '_','_','p','p','c','_','_'
#elif defined(__aarch64__)
# define KEY '_','_','a','a','r','c','h','6','4','_','_'
#elif defined(__ARM_ARCH_7A__)
# define KEY '_','_','A','R','M','_','A','R','C','H','_','7','A','_','_'
#elif defined(__ARM_ARCH_7S__)
# define KEY '_','_','A','R','M','_','A','R','C','H','_','7','S','_','_'
#endif

#define SIZE (sizeof(off64_t))
static char info_size[] =  {'I', 'N', 'F', 'O', ':', 's','i','z','e','[',
  ('0' + ((SIZE / 10000)%10)),
  ('0' + ((SIZE / 1000)%10)),
  ('0' + ((SIZE / 100)%10)),
  ('0' + ((SIZE / 10)%10)),
  ('0' +  (SIZE    % 10)),
  ']',
#ifdef KEY
  ' ','k','e','y','[', KEY, ']',
#endif
  '\0'};

#ifdef __CLASSIC_C__
int main(argc, argv) int argc; char *argv[];
#else
int main(int argc, char *argv[])
#endif
{
  int require = 0;
  require += info_size[argc];
  (void)argv;
  return require;
}


Performing C++ SOURCE FILE Test HAVE_MMX failed with the following output:
Change Dir: /Users/yoshi/Code/personal/gzdoom/build-ios.vulkan/CMakeFiles/CMakeTmp

Run Build Command(s):/usr/bin/xcodebuild -project CMAKE_TRY_COMPILE.xcodeproj build -target cmTC_d6b29 -parallelizeTargets -configuration Debug -hideShellScriptEnvironment && 2021-10-11 21:54:59.558 xcodebuild[38441:6409038] [MT] iPhoneConnect: ðŸ“±<DVTiOSDevice (0x7fc412fc1140), iPhone XS Max Special Turbo Edition, iPhone, 13.3.1 (17D50), 00008020-0002489E3678002E>: downgrading native architecture from arm64e to arm64 for com.apple.platform.iphoneos:13.3.1
2021-10-11 21:54:59.558 xcodebuild[38441:6409038] [MT] iPhoneConnect: ðŸ“±<DVTiOSDevice (0x7fc412fc1140), iPhone XS Max Special Turbo Edition, iPhone, 13.3.1 (17D50), 00008020-0002489E3678002E>: downgrading native architecture from arm64e to arm64 for com.apple.platform.iphoneos:13.3.1
Command line invocation:
    /Applications/Xcode.app/Contents/Developer/usr/bin/xcodebuild -project CMAKE_TRY_COMPILE.xcodeproj build -target cmTC_d6b29 -parallelizeTargets -configuration Debug -hideShellScriptEnvironment

User defaults from command line:
    HideShellScriptEnvironment = YES
    IDEPackageSupportUseBuiltinSCM = YES

2021-10-11 21:54:59.972 xcodebuild[38441:6409038] [MT] iPhoneConnect: ðŸ“±<DVTiOSDevice (0x7fc412fc1140), iPhone XS Max Special Turbo Edition, iPhone, 13.3.1 (17D50), 00008020-0002489E3678002E>: downgrading native architecture from arm64e to arm64 for com.apple.platform.iphoneos:13.3.1
2021-10-11 21:54:59.981 xcodebuild[38441:6409038] [MT] iPhoneConnect: ðŸ“±<DVTiOSDevice (0x7fc412fc1140), iPhone XS Max Special Turbo Edition, iPhone, 13.3.1 (17D50), 00008020-0002489E3678002E>: downgrading native architecture from arm64e to arm64 for com.apple.platform.iphoneos:13.3.1
2021-10-11 21:54:59.982 xcodebuild[38441:6409038] [MT] iPhoneConnect: ðŸ“±<DVTiOSDevice (0x7fc412fc1140), iPhone XS Max Special Turbo Edition, iPhone, 13.3.1 (17D50), 00008020-0002489E3678002E>: downgrading native architecture from arm64e to arm64 for com.apple.platform.iphoneos:13.3.1
2021-10-11 21:54:59.986 xcodebuild[38441:6409038] [MT] iPhoneConnect: ðŸ“±<DVTiOSDevice (0x7fc412fc1140), iPhone XS Max Special Turbo Edition, iPhone, 13.3.1 (17D50), 00008020-0002489E3678002E>: downgrading native architecture from arm64e to arm64 for com.apple.platform.iphoneos:13.3.1
2021-10-11 21:54:59.991 xcodebuild[38441:6409038] [MT] iPhoneConnect: ðŸ“±<DVTiOSDevice (0x7fc412fc1140), iPhone XS Max Special Turbo Edition, iPhone, 13.3.1 (17D50), 00008020-0002489E3678002E>: downgrading native architecture from arm64e to arm64 for com.apple.platform.iphoneos:13.3.1
2021-10-11 21:54:59.996 xcodebuild[38441:6409038] [MT] iPhoneConnect: ðŸ“±<DVTiOSDevice (0x7fc412fc1140), iPhone XS Max Special Turbo Edition, iPhone, 13.3.1 (17D50), 00008020-0002489E3678002E>: downgrading native architecture from arm64e to arm64 for com.apple.platform.iphoneos:13.3.1
2021-10-11 21:55:00.533 xcodebuild[38441:6409038] [MT] iPhoneConnect: ðŸ“±<DVTiOSDevice (0x7fc412fc1140), iPhone XS Max Special Turbo Edition, iPhone, 13.3.1 (17D50), 00008020-0002489E3678002E>: downgrading native architecture from arm64e to arm64 for com.apple.platform.iphoneos:13.3.1
2021-10-11 21:55:00.537 xcodebuild[38441:6409038] [MT] iPhoneConnect: ðŸ“±<DVTiOSDevice (0x7fc412fc1140), iPhone XS Max Special Turbo Edition, iPhone, 13.3.1 (17D50), 00008020-0002489E3678002E>: downgrading native architecture from arm64e to arm64 for com.apple.platform.iphoneos:13.3.1
2021-10-11 21:55:00.544 xcodebuild[38441:6409038] [MT] iPhoneConnect: ðŸ“±<DVTiOSDevice (0x7fc412fc1140), iPhone XS Max Special Turbo Edition, iPhone, 13.3.1 (17D50), 00008020-0002489E3678002E>: downgrading native architecture from arm64e to arm64 for com.apple.platform.iphoneos:13.3.1
2021-10-11 21:55:00.549 xcodebuild[38441:6409038] [MT] iPhoneConnect: ðŸ“±<DVTiOSDevice (0x7fc412fc1140), iPhone XS Max Special Turbo Edition, iPhone, 13.3.1 (17D50), 00008020-0002489E3678002E>: downgrading native architecture from arm64e to arm64 for com.apple.platform.iphoneos:13.3.1
2021-10-11 21:55:00.555 xcodebuild[38441:6409038] [MT] iPhoneConnect: ðŸ“±<DVTiOSDevice (0x7fc412fc1140), iPhone XS Max Special Turbo Edition, iPhone, 13.3.1 (17D50), 00008020-0002489E3678002E>: downgrading native architecture from arm64e to arm64 for com.apple.platform.iphoneos:13.3.1
note: Using new build system
note: Planning
Analyze workspace

Create build description
Build description signature: 00d5e4f784998e3aecfd9dc7efd34196
Build description path: /Users/yoshi/Code/personal/gzdoom/build-ios.vulkan/CMakeFiles/CMakeTmp/build/XCBuildData/00d5e4f784998e3aecfd9dc7efd34196-desc.xcbuild

note: Build preparation complete
note: Building targets in parallel
CreateBuildDirectory /Users/yoshi/Code/personal/gzdoom/build-ios.vulkan/CMakeFiles/CMakeTmp
    cd /Users/yoshi/Code/personal/gzdoom/build-ios.vulkan/CMakeFiles/CMakeTmp/CMAKE_TRY_COMPILE.xcodeproj
    builtin-create-build-directory /Users/yoshi/Code/personal/gzdoom/build-ios.vulkan/CMakeFiles/CMakeTmp

CreateBuildDirectory /Users/yoshi/Code/personal/gzdoom/build-ios.vulkan/CMakeFiles/CMakeTmp/Debug
    cd /Users/yoshi/Code/personal/gzdoom/build-ios.vulkan/CMakeFiles/CMakeTmp/CMAKE_TRY_COMPILE.xcodeproj
    builtin-create-build-directory /Users/yoshi/Code/personal/gzdoom/build-ios.vulkan/CMakeFiles/CMakeTmp/Debug

CompileC /Users/yoshi/Code/personal/gzdoom/build-ios.vulkan/CMakeFiles/CMakeTmp/CMAKE_TRY_COMPILE.build/Debug-iphoneos/cmTC_d6b29.build/Objects-normal/arm64/src.o /Users/yoshi/Code/personal/gzdoom/build-ios.vulkan/CMakeFiles/CMakeTmp/src.cxx normal arm64 c++ com.apple.compilers.llvm.clang.1_0.compiler (in target 'cmTC_d6b29' from project 'CMAKE_TRY_COMPILE')
    cd /Users/yoshi/Code/personal/gzdoom/build-ios.vulkan/CMakeFiles/CMakeTmp
    /Applications/Xcode.app/Contents/Developer/Toolchains/XcodeDefault.xctoolchain/usr/bin/clang -x c++ -target arm64-apple-ios11.0 -fmessage-length\=0 -fdiagnostics-show-note-include-stack -fmacro-backtrace-limit\=0 -Wno-trigraphs -fpascal-strings -O0 -Wno-missing-field-initializers -Wno-missing-prototypes -Wno-return-type -Wno-non-virtual-dtor -Wno-overloaded-virtual -Wno-exit-time-destructors -Wno-missing-braces -Wparentheses -Wswitch -Wno-unused-function -Wno-unused-label -Wno-unused-parameter -Wno-unused-variable -Wunused-value -Wno-empty-body -Wno-uninitialized -Wno-unknown-pragmas -Wno-shadow -Wno-four-char-constants -Wno-conversion -Wno-constant-conversion -Wno-int-conversion -Wno-bool-conversion -Wno-enum-conversion -Wno-float-conversion -Wno-non-literal-null-conversion -Wno-objc-literal-conversion -Wshorten-64-to-32 -Wno-newline-eof -Wno-c++11-extensions -DCMAKE_INTDIR\=\"Debug-iphoneos\" -DHAVE_MMX -isysroot /Applications/Xcode.app/Contents/Developer/Platforms/iPhoneOS.platform/Developer/SDKs/iPhoneOS15.0.sdk -fstrict-aliasing -Wdeprecated-declarations -Winvalid-offsetof -g -Wno-sign-conversion -Wno-infinite-recursion -Wno-move -Wno-comma -Wno-block-capture-autoreleasing -Wno-strict-prototypes -Wno-range-loop-analysis -Wno-semicolon-before-method-body -I/Users/yoshi/Code/personal/gzdoom/build-ios.vulkan/CMakeFiles/CMakeTmp/Debug/include -I/Users/yoshi/Code/personal/gzdoom/build-ios.vulkan/CMakeFiles/CMakeTmp/CMAKE_TRY_COMPILE.build/Debug-iphoneos/cmTC_d6b29.build/DerivedSources-normal/arm64 -I/Users/yoshi/Code/personal/gzdoom/build-ios.vulkan/CMakeFiles/CMakeTmp/CMAKE_TRY_COMPILE.build/Debug-iphoneos/cmTC_d6b29.build/DerivedSources/arm64 -I/Users/yoshi/Code/personal/gzdoom/build-ios.vulkan/CMakeFiles/CMakeTmp/CMAKE_TRY_COMPILE.build/Debug-iphoneos/cmTC_d6b29.build/DerivedSources -F/Users/yoshi/Code/personal/gzdoom/build-ios.vulkan/CMakeFiles/CMakeTmp/Debug -std\=c++17 -ffp-contract\=off -DHAVE_SOFTPOLY -DHAVE_VULKAN -mmmx -D_DEBUG -fvisibility\=hidden -MMD -MT dependencies -MF /Users/yoshi/Code/personal/gzdoom/build-ios.vulkan/CMakeFiles/CMakeTmp/CMAKE_TRY_COMPILE.build/Debug-iphoneos/cmTC_d6b29.build/Objects-normal/arm64/src.d --serialize-diagnostics /Users/yoshi/Code/personal/gzdoom/build-ios.vulkan/CMakeFiles/CMakeTmp/CMAKE_TRY_COMPILE.build/Debug-iphoneos/cmTC_d6b29.build/Objects-normal/arm64/src.dia -c /Users/yoshi/Code/personal/gzdoom/build-ios.vulkan/CMakeFiles/CMakeTmp/src.cxx -o /Users/yoshi/Code/personal/gzdoom/build-ios.vulkan/CMakeFiles/CMakeTmp/CMAKE_TRY_COMPILE.build/Debug-iphoneos/cmTC_d6b29.build/Objects-normal/arm64/src.o
clang: warning: argument unused during compilation: '-mmmx' [-Wunused-command-line-argument]
In file included from /Users/yoshi/Code/personal/gzdoom/build-ios.vulkan/CMakeFiles/CMakeTmp/src.cxx:1:
/Applications/Xcode.app/Contents/Developer/Toolchains/XcodeDefault.xctoolchain/usr/lib/clang/13.0.0/include/mmintrin.h:33:5: error: use of undeclared identifier '__builtin_ia32_emms'; did you mean '__builtin_isless'?
    __builtin_ia32_emms();
    ^
/Applications/Xcode.app/Contents/Developer/Toolchains/XcodeDefault.xctoolchain/usr/lib/clang/13.0.0/include/mmintrin.h:33:5: note: '__builtin_isless' declared here
/Applications/Xcode.app/Contents/Developer/Toolchains/XcodeDefault.xctoolchain/usr/lib/clang/13.0.0/include/mmintrin.h:33:25: error: too few arguments to function call, expected 2, have 0
    __builtin_ia32_emms();
    ~~~~~~~~~~~~~~~~~~~~^
/Applications/Xcode.app/Contents/Developer/Toolchains/XcodeDefault.xctoolchain/usr/lib/clang/13.0.0/include/mmintrin.h:50:19: error: use of undeclared identifier '__builtin_ia32_vec_init_v2si'
    return (__m64)__builtin_ia32_vec_init_v2si(__i, 0);
                  ^
/Applications/Xcode.app/Contents/Developer/Toolchains/XcodeDefault.xctoolchain/usr/lib/clang/13.0.0/include/mmintrin.h:67:12: error: use of undeclared identifier '__builtin_ia32_vec_ext_v2si'
    return __builtin_ia32_vec_ext_v2si((__v2si)__m, 0);
           ^
/Applications/Xcode.app/Contents/Developer/Toolchains/XcodeDefault.xctoolchain/usr/lib/clang/13.0.0/include/mmintrin.h:129:19: error: use of undeclared identifier '__builtin_ia32_packsswb'
    return (__m64)__builtin_ia32_packsswb((__v4hi)__m1, (__v4hi)__m2);
                  ^
/Applications/Xcode.app/Contents/Developer/Toolchains/XcodeDefault.xctoolchain/usr/lib/clang/13.0.0/include/mmintrin.h:159:19: error: use of undeclared identifier '__builtin_ia32_packssdw'
    return (__m64)__builtin_ia32_packssdw((__v2si)__m1, (__v2si)__m2);
                  ^
/Applications/Xcode.app/Contents/Developer/Toolchains/XcodeDefault.xctoolchain/usr/lib/clang/13.0.0/include/mmintrin.h:189:19: error: use of undeclared identifier '__builtin_ia32_packuswb'
    return (__m64)__builtin_ia32_packuswb((__v4hi)__m1, (__v4hi)__m2);
                  ^
/Applications/Xcode.app/Contents/Developer/Toolchains/XcodeDefault.xctoolchain/usr/lib/clang/13.0.0/include/mmintrin.h:216:19: error: use of undeclared identifier '__builtin_ia32_punpckhbw'
    return (__m64)__builtin_ia32_punpckhbw((__v8qi)__m1, (__v8qi)__m2);
                  ^
/Applications/Xcode.app/Contents/Developer/Toolchains/XcodeDefault.xctoolchain/usr/lib/clang/13.0.0/include/mmintrin.h:239:19: error: use of undeclared identifier '__builtin_ia32_punpckhwd'
    return (__m64)__builtin_ia32_punpckhwd((__v4hi)__m1, (__v4hi)__m2);
                  ^
/Applications/Xcode.app/Contents/Developer/Toolchains/XcodeDefault.xctoolchain/usr/lib/clang/13.0.0/include/mmintrin.h:260:19: error: use of undeclared identifier '__builtin_ia32_punpckhdq'
    return (__m64)__builtin_ia32_punpckhdq((__v2si)__m1, (__v2si)__m2);
                  ^
/Applications/Xcode.app/Contents/Developer/Toolchains/XcodeDefault.xctoolchain/usr/lib/clang/13.0.0/include/mmintrin.h:287:19: error: use of undeclared identifier '__builtin_ia32_punpcklbw'
    return (__m64)__builtin_ia32_punpcklbw((__v8qi)__m1, (__v8qi)__m2);
                  ^
/Applications/Xcode.app/Contents/Developer/Toolchains/XcodeDefault.xctoolchain/usr/lib/clang/13.0.0/include/mmintrin.h:310:19: error: use of undeclared identifier '__builtin_ia32_punpcklwd'
    return (__m64)__builtin_ia32_punpcklwd((__v4hi)__m1, (__v4hi)__m2);
                  ^
/Applications/Xcode.app/Contents/Developer/Toolchains/XcodeDefault.xctoolchain/usr/lib/clang/13.0.0/include/mmintrin.h:331:19: error: use of undeclared identifier '__builtin_ia32_punpckldq'
    return (__m64)__builtin_ia32_punpckldq((__v2si)__m1, (__v2si)__m2);
                  ^
/Applications/Xcode.app/Contents/Developer/Toolchains/XcodeDefault.xctoolchain/usr/lib/clang/13.0.0/include/mmintrin.h:352:19: error: use of undeclared identifier '__builtin_ia32_paddb'; did you mean '__builtin_arm_addg'?
    return (__m64)__builtin_ia32_paddb((__v8qi)__m1, (__v8qi)__m2);
                  ^
/Applications/Xcode.app/Contents/Developer/Toolchains/XcodeDefault.xctoolchain/usr/lib/clang/13.0.0/include/mmintrin.h:352:19: note: '__builtin_arm_addg' declared here
/Applications/Xcode.app/Contents/Developer/Toolchains/XcodeDefault.xctoolchain/usr/lib/clang/13.0.0/include/mmintrin.h:352:19: error: first argument of MTE builtin function must be a pointer ('__v8qi' (vector of 8 'char' values) invalid)
    return (__m64)__builtin_ia32_paddb((__v8qi)__m1, (__v8qi)__m2);
                  ^                    ~~~~~~~~~~~~
/Applications/Xcode.app/Contents/Developer/Toolchains/XcodeDefault.xctoolchain/usr/lib/clang/13.0.0/include/mmintrin.h:373:19: error: use of undeclared identifier '__builtin_ia32_paddw'; did you mean '__builtin_arm_addg'?
    return (__m64)__builtin_ia32_paddw((__v4hi)__m1, (__v4hi)__m2);
                  ^
/Applications/Xcode.app/Contents/Developer/Toolchains/XcodeDefault.xctoolchain/usr/lib/clang/13.0.0/include/mmintrin.h:352:19: note: '__builtin_arm_addg' declared here
    return (__m64)__builtin_ia32_paddb((__v8qi)__m1, (__v8qi)__m2);
                  ^
/Applications/Xcode.app/Contents/Developer/Toolchains/XcodeDefault.xctoolchain/usr/lib/clang/13.0.0/include/mmintrin.h:373:19: error: first argument of MTE builtin function must be a pointer ('__v4hi' (vector of 4 'short' values) invalid)
    return (__m64)__builtin_ia32_paddw((__v4hi)__m1, (__v4hi)__m2);
                  ^                    ~~~~~~~~~~~~
/Applications/Xcode.app/Contents/Developer/Toolchains/XcodeDefault.xctoolchain/usr/lib/clang/13.0.0/include/mmintrin.h:394:19: error: use of undeclared identifier '__builtin_ia32_paddd'; did you mean '__builtin_arm_addg'?
    return (__m64)__builtin_ia32_paddd((__v2si)__m1, (__v2si)__m2);
                  ^
/Applications/Xcode.app/Contents/Developer/Toolchains/XcodeDefault.xctoolchain/usr/lib/clang/13.0.0/include/mmintrin.h:352:19: note: '__builtin_arm_addg' declared here
    return (__m64)__builtin_ia32_paddb((__v8qi)__m1, (__v8qi)__m2);
                  ^
/Applications/Xcode.app/Contents/Developer/Toolchains/XcodeDefault.xctoolchain/usr/lib/clang/13.0.0/include/mmintrin.h:394:19: error: first argument of MTE builtin function must be a pointer ('__v2si' (vector of 2 'int' values) invalid)
    return (__m64)__builtin_ia32_paddd((__v2si)__m1, (__v2si)__m2);
                  ^                    ~~~~~~~~~~~~
fatal error: too many errors emitted, stopping now [-ferror-limit=]
20 errors generated.

WriteAuxiliaryFile /Users/yoshi/Code/personal/gzdoom/build-ios.vulkan/CMakeFiles/CMakeTmp/CMAKE_TRY_COMPILE.build/Debug-iphoneos/cmTC_d6b29.build/Objects-normal/arm64/cmTC_d6b29.LinkFileList (in target 'cmTC_d6b29' from project 'CMAKE_TRY_COMPILE')
    cd /Users/yoshi/Code/personal/gzdoom/build-ios.vulkan/CMakeFiles/CMakeTmp
    write-file /Users/yoshi/Code/personal/gzdoom/build-ios.vulkan/CMakeFiles/CMakeTmp/CMAKE_TRY_COMPILE.build/Debug-iphoneos/cmTC_d6b29.build/Objects-normal/arm64/cmTC_d6b29.LinkFileList

** BUILD FAILED **


The following build commands failed:
	CompileC /Users/yoshi/Code/personal/gzdoom/build-ios.vulkan/CMakeFiles/CMakeTmp/CMAKE_TRY_COMPILE.build/Debug-iphoneos/cmTC_d6b29.build/Objects-normal/arm64/src.o /Users/yoshi/Code/personal/gzdoom/build-ios.vulkan/CMakeFiles/CMakeTmp/src.cxx normal arm64 c++ com.apple.compilers.llvm.clang.1_0.compiler (in target 'cmTC_d6b29' from project 'CMAKE_TRY_COMPILE')
(1 failure)


Source file was:
#include <mmintrin.h>
		int main(void) { __m64 v = _m_from_int(0); }
Performing C++ SOURCE FILE Test HAVE_PARALLEL_FOR failed with the following output:
Change Dir: /Users/yoshi/Code/personal/gzdoom/build-ios.vulkan/CMakeFiles/CMakeTmp

Run Build Command(s):/usr/bin/xcodebuild -project CMAKE_TRY_COMPILE.xcodeproj build -target cmTC_0a9db -parallelizeTargets -configuration Debug -hideShellScriptEnvironment && 2021-10-11 21:55:04.530 xcodebuild[38459:6409726] [MT] iPhoneConnect: ðŸ“±<DVTiOSDevice (0x7f85763742b0), iPhone XS Max Special Turbo Edition, iPhone, 13.3.1 (17D50), 00008020-0002489E3678002E>: downgrading native architecture from arm64e to arm64 for com.apple.platform.iphoneos:13.3.1
2021-10-11 21:55:04.530 xcodebuild[38459:6409726] [MT] iPhoneConnect: ðŸ“±<DVTiOSDevice (0x7f85763742b0), iPhone XS Max Special Turbo Edition, iPhone, 13.3.1 (17D50), 00008020-0002489E3678002E>: downgrading native architecture from arm64e to arm64 for com.apple.platform.iphoneos:13.3.1
Command line invocation:
    /Applications/Xcode.app/Contents/Developer/usr/bin/xcodebuild -project CMAKE_TRY_COMPILE.xcodeproj build -target cmTC_0a9db -parallelizeTargets -configuration Debug -hideShellScriptEnvironment

User defaults from command line:
    HideShellScriptEnvironment = YES
    IDEPackageSupportUseBuiltinSCM = YES

2021-10-11 21:55:04.881 xcodebuild[38459:6409726] [MT] iPhoneConnect: ðŸ“±<DVTiOSDevice (0x7f85763742b0), iPhone XS Max Special Turbo Edition, iPhone, 13.3.1 (17D50), 00008020-0002489E3678002E>: downgrading native architecture from arm64e to arm64 for com.apple.platform.iphoneos:13.3.1
2021-10-11 21:55:04.891 xcodebuild[38459:6409726] [MT] iPhoneConnect: ðŸ“±<DVTiOSDevice (0x7f85763742b0), iPhone XS Max Special Turbo Edition, iPhone, 13.3.1 (17D50), 00008020-0002489E3678002E>: downgrading native architecture from arm64e to arm64 for com.apple.platform.iphoneos:13.3.1
2021-10-11 21:55:04.891 xcodebuild[38459:6409726] [MT] iPhoneConnect: ðŸ“±<DVTiOSDevice (0x7f85763742b0), iPhone XS Max Special Turbo Edition, iPhone, 13.3.1 (17D50), 00008020-0002489E3678002E>: downgrading native architecture from arm64e to arm64 for com.apple.platform.iphoneos:13.3.1
2021-10-11 21:55:04.896 xcodebuild[38459:6409726] [MT] iPhoneConnect: ðŸ“±<DVTiOSDevice (0x7f85763742b0), iPhone XS Max Special Turbo Edition, iPhone, 13.3.1 (17D50), 00008020-0002489E3678002E>: downgrading native architecture from arm64e to arm64 for com.apple.platform.iphoneos:13.3.1
2021-10-11 21:55:04.901 xcodebuild[38459:6409726] [MT] iPhoneConnect: ðŸ“±<DVTiOSDevice (0x7f85763742b0), iPhone XS Max Special Turbo Edition, iPhone, 13.3.1 (17D50), 00008020-0002489E3678002E>: downgrading native architecture from arm64e to arm64 for com.apple.platform.iphoneos:13.3.1
2021-10-11 21:55:04.906 xcodebuild[38459:6409726] [MT] iPhoneConnect: ðŸ“±<DVTiOSDevice (0x7f85763742b0), iPhone XS Max Special Turbo Edition, iPhone, 13.3.1 (17D50), 00008020-0002489E3678002E>: downgrading native architecture from arm64e to arm64 for com.apple.platform.iphoneos:13.3.1
2021-10-11 21:55:05.458 xcodebuild[38459:6409726] [MT] iPhoneConnect: ðŸ“±<DVTiOSDevice (0x7f85763742b0), iPhone XS Max Special Turbo Edition, iPhone, 13.3.1 (17D50), 00008020-0002489E3678002E>: downgrading native architecture from arm64e to arm64 for com.apple.platform.iphoneos:13.3.1
2021-10-11 21:55:05.462 xcodebuild[38459:6409726] [MT] iPhoneConnect: ðŸ“±<DVTiOSDevice (0x7f85763742b0), iPhone XS Max Special Turbo Edition, iPhone, 13.3.1 (17D50), 00008020-0002489E3678002E>: downgrading native architecture from arm64e to arm64 for com.apple.platform.iphoneos:13.3.1
2021-10-11 21:55:05.468 xcodebuild[38459:6409726] [MT] iPhoneConnect: ðŸ“±<DVTiOSDevice (0x7f85763742b0), iPhone XS Max Special Turbo Edition, iPhone, 13.3.1 (17D50), 00008020-0002489E3678002E>: downgrading native architecture from arm64e to arm64 for com.apple.platform.iphoneos:13.3.1
2021-10-11 21:55:05.474 xcodebuild[38459:6409726] [MT] iPhoneConnect: ðŸ“±<DVTiOSDevice (0x7f85763742b0), iPhone XS Max Special Turbo Edition, iPhone, 13.3.1 (17D50), 00008020-0002489E3678002E>: downgrading native architecture from arm64e to arm64 for com.apple.platform.iphoneos:13.3.1
2021-10-11 21:55:05.480 xcodebuild[38459:6409726] [MT] iPhoneConnect: ðŸ“±<DVTiOSDevice (0x7f85763742b0), iPhone XS Max Special Turbo Edition, iPhone, 13.3.1 (17D50), 00008020-0002489E3678002E>: downgrading native architecture from arm64e to arm64 for com.apple.platform.iphoneos:13.3.1
note: Using new build system
note: Planning
Analyze workspace

Create build description
Build description signature: 739aa540c97883d7ca8c7ad7d4fa3467
Build description path: /Users/yoshi/Code/personal/gzdoom/build-ios.vulkan/CMakeFiles/CMakeTmp/build/XCBuildData/739aa540c97883d7ca8c7ad7d4fa3467-desc.xcbuild

note: Build preparation complete
note: Building targets in parallel
CreateBuildDirectory /Users/yoshi/Code/personal/gzdoom/build-ios.vulkan/CMakeFiles/CMakeTmp
    cd /Users/yoshi/Code/personal/gzdoom/build-ios.vulkan/CMakeFiles/CMakeTmp/CMAKE_TRY_COMPILE.xcodeproj
    builtin-create-build-directory /Users/yoshi/Code/personal/gzdoom/build-ios.vulkan/CMakeFiles/CMakeTmp

CreateBuildDirectory /Users/yoshi/Code/personal/gzdoom/build-ios.vulkan/CMakeFiles/CMakeTmp/Debug
    cd /Users/yoshi/Code/personal/gzdoom/build-ios.vulkan/CMakeFiles/CMakeTmp/CMAKE_TRY_COMPILE.xcodeproj
    builtin-create-build-directory /Users/yoshi/Code/personal/gzdoom/build-ios.vulkan/CMakeFiles/CMakeTmp/Debug

WriteAuxiliaryFile /Users/yoshi/Code/personal/gzdoom/build-ios.vulkan/CMakeFiles/CMakeTmp/CMAKE_TRY_COMPILE.build/Debug-iphoneos/cmTC_0a9db.build/Objects-normal/arm64/cmTC_0a9db.LinkFileList (in target 'cmTC_0a9db' from project 'CMAKE_TRY_COMPILE')
    cd /Users/yoshi/Code/personal/gzdoom/build-ios.vulkan/CMakeFiles/CMakeTmp
    write-file /Users/yoshi/Code/personal/gzdoom/build-ios.vulkan/CMakeFiles/CMakeTmp/CMAKE_TRY_COMPILE.build/Debug-iphoneos/cmTC_0a9db.build/Objects-normal/arm64/cmTC_0a9db.LinkFileList

CompileC /Users/yoshi/Code/personal/gzdoom/build-ios.vulkan/CMakeFiles/CMakeTmp/CMAKE_TRY_COMPILE.build/Debug-iphoneos/cmTC_0a9db.build/Objects-normal/arm64/src.o /Users/yoshi/Code/personal/gzdoom/build-ios.vulkan/CMakeFiles/CMakeTmp/src.cxx normal arm64 c++ com.apple.compilers.llvm.clang.1_0.compiler (in target 'cmTC_0a9db' from project 'CMAKE_TRY_COMPILE')
    cd /Users/yoshi/Code/personal/gzdoom/build-ios.vulkan/CMakeFiles/CMakeTmp
    /Applications/Xcode.app/Contents/Developer/Toolchains/XcodeDefault.xctoolchain/usr/bin/clang -x c++ -target arm64-apple-ios11.0 -fmessage-length\=0 -fdiagnostics-show-note-include-stack -fmacro-backtrace-limit\=0 -Wno-trigraphs -fpascal-strings -O0 -Wno-missing-field-initializers -Wno-missing-prototypes -Wno-return-type -Wno-non-virtual-dtor -Wno-overloaded-virtual -Wno-exit-time-destructors -Wno-missing-braces -Wparentheses -Wswitch -Wno-unused-function -Wno-unused-label -Wno-unused-parameter -Wno-unused-variable -Wunused-value -Wno-empty-body -Wno-uninitialized -Wno-unknown-pragmas -Wno-shadow -Wno-four-char-constants -Wno-conversion -Wno-constant-conversion -Wno-int-conversion -Wno-bool-conversion -Wno-enum-conversion -Wno-float-conversion -Wno-non-literal-null-conversion -Wno-objc-literal-conversion -Wshorten-64-to-32 -Wno-newline-eof -Wno-c++11-extensions -DCMAKE_INTDIR\=\"Debug-iphoneos\" -DHAVE_PARALLEL_FOR -isysroot /Applications/Xcode.app/Contents/Developer/Platforms/iPhoneOS.platform/Developer/SDKs/iPhoneOS15.0.sdk -fstrict-aliasing -Wdeprecated-declarations -Winvalid-offsetof -g -Wno-sign-conversion -Wno-infinite-recursion -Wno-move -Wno-comma -Wno-block-capture-autoreleasing -Wno-strict-prototypes -Wno-range-loop-analysis -Wno-semicolon-before-method-body -I/Users/yoshi/Code/personal/gzdoom/build-ios.vulkan/CMakeFiles/CMakeTmp/Debug/include -I/Users/yoshi/Code/personal/gzdoom/build-ios.vulkan/CMakeFiles/CMakeTmp/CMAKE_TRY_COMPILE.build/Debug-iphoneos/cmTC_0a9db.build/DerivedSources-normal/arm64 -I/Users/yoshi/Code/personal/gzdoom/build-ios.vulkan/CMakeFiles/CMakeTmp/CMAKE_TRY_COMPILE.build/Debug-iphoneos/cmTC_0a9db.build/DerivedSources/arm64 -I/Users/yoshi/Code/personal/gzdoom/build-ios.vulkan/CMakeFiles/CMakeTmp/CMAKE_TRY_COMPILE.build/Debug-iphoneos/cmTC_0a9db.build/DerivedSources -F/Users/yoshi/Code/personal/gzdoom/build-ios.vulkan/CMakeFiles/CMakeTmp/Debug -std\=c++17 -ffp-contract\=off -DHAVE_SOFTPOLY -DHAVE_VULKAN -D_DEBUG -fvisibility\=hidden -MMD -MT dependencies -MF /Users/yoshi/Code/personal/gzdoom/build-ios.vulkan/CMakeFiles/CMakeTmp/CMAKE_TRY_COMPILE.build/Debug-iphoneos/cmTC_0a9db.build/Objects-normal/arm64/src.d --serialize-diagnostics /Users/yoshi/Code/personal/gzdoom/build-ios.vulkan/CMakeFiles/CMakeTmp/CMAKE_TRY_COMPILE.build/Debug-iphoneos/cmTC_0a9db.build/Objects-normal/arm64/src.dia -c /Users/yoshi/Code/personal/gzdoom/build-ios.vulkan/CMakeFiles/CMakeTmp/src.cxx -o /Users/yoshi/Code/personal/gzdoom/build-ios.vulkan/CMakeFiles/CMakeTmp/CMAKE_TRY_COMPILE.build/Debug-iphoneos/cmTC_0a9db.build/Objects-normal/arm64/src.o
/Users/yoshi/Code/personal/gzdoom/build-ios.vulkan/CMakeFiles/CMakeTmp/src.cxx:1:10: fatal error: 'ppl.h' file not found
#include <ppl.h>
         ^~~~~~~
1 error generated.

** BUILD FAILED **


The following build commands failed:
	CompileC /Users/yoshi/Code/personal/gzdoom/build-ios.vulkan/CMakeFiles/CMakeTmp/CMAKE_TRY_COMPILE.build/Debug-iphoneos/cmTC_0a9db.build/Objects-normal/arm64/src.o /Users/yoshi/Code/personal/gzdoom/build-ios.vulkan/CMakeFiles/CMakeTmp/src.cxx normal arm64 c++ com.apple.compilers.llvm.clang.1_0.compiler (in target 'cmTC_0a9db' from project 'CMAKE_TRY_COMPILE')
(1 failure)


Source file was:
#include <ppl.h>
	int main() { concurrency::parallel_for(0, 1, 1, [](int) { } ); }
